Detecting CXX OpenMP compiler ABI info compiled with the following output:
Change Dir: '/home/ubuntu/recon/build/CMakeFiles/CMakeTmp'

Run Build Command(s): /home/ubuntu/.local/share/mamba/envs/mesh-env/bin/cmake -E env VERBOSE=1 /usr/bin/gmake -f Makefile cmTC_ecf1c/fast
/usr/bin/gmake  -f CMakeFiles/cmTC_ecf1c.dir/build.make CMakeFiles/cmTC_ecf1c.dir/build
gmake[1]: Entering directory '/home/ubuntu/recon/build/CMakeFiles/CMakeTmp'
Building CXX object CMakeFiles/cmTC_ecf1c.dir/OpenMPTryFlag.cpp.o
/home/ubuntu/.local/share/mamba/envs/mesh-env/bin/x86_64-conda-linux-gnu-c++   -fvisibility-inlines-hidden -fmessage-length=0 -march=nocona -mtune=haswell -ftree-vectorize -fPIC -fstack-protector-strong -fno-plt -O2 -ffunction-sections -pipe -isystem /home/ubuntu/.local/share/mamba/envs/mesh-env/include -fopenmp -v -std=c++17 -o CMakeFiles/cmTC_ecf1c.dir/OpenMPTryFlag.cpp.o -c /home/ubuntu/recon/build/CMakeFiles/FindOpenMP/OpenMPTryFlag.cpp
Reading specs from /home/ubuntu/.local/share/mamba/envs/mesh-env/bin/../lib/gcc/x86_64-conda-linux-gnu/12.4.0/specs
could not find specs file conda.specs
COLLECT_GCC=/home/ubuntu/.local/share/mamba/envs/mesh-env/bin/x86_64-conda-linux-gnu-c++
Target: x86_64-conda-linux-gnu
Configured with: ../configure --prefix=/home/conda/feedstock_root/build_artifacts/gcc_compilers_1740238121525/_h_env_placehold_placehold_placehold_placehold_placehold_placehold_placehold_placehold_placehold_placehold_placehold_placehold_placehold_placehold_placehold_placehold_placehold_placeho --with-slibdir=/home/conda/feedstock_root/build_artifacts/gcc_compilers_1740238121525/_h_env_placehold_placehold_placehold_placehold_placehold_placehold_placehold_placehold_placehold_placehold_placehold_placehold_placehold_placehold_placehold_placehold_placehold_placeho/lib --libdir=/home/conda/feedstock_root/build_artifacts/gcc_compilers_1740238121525/_h_env_placehold_placehold_placehold_placehold_placehold_placehold_placehold_placehold_placehold_placehold_placehold_placehold_placehold_placehold_placehold_placehold_placehold_placeho/lib --mandir=/home/conda/feedstock_root/build_artifacts/gcc_compilers_1740238121525/_h_env_placehold_placehold_placehold_placehold_placehold_placehold_placehold_placehold_placehold_placehold_placehold_placehold_placehold_placehold_placehold_placehold_placehold_placeho/man --build=x86_64-conda-linux-gnu --host=x86_64-conda-linux-gnu --target=x86_64-conda-linux-gnu --enable-languages=c,c++,fortran,objc,obj-c++ --enable-__cxa_atexit --disable-libmudflap --enable-libgomp --disable-libssp --enable-libquadmath --enable-libquadmath-support --enable-lto --enable-target-optspace --enable-plugin --enable-gold --disable-nls --disable-bootstrap --disable-multilib --enable-long-long --with-sysroot=/home/conda/feedstock_root/build_artifacts/gcc_compilers_1740238121525/_h_env_placehold_placehold_placehold_placehold_placehold_placehold_placehold_placehold_placehold_placehold_placehold_placehold_placehold_placehold_placehold_placehold_placehold_placeho/x86_64-conda-linux-gnu/sysroot --with-build-sysroot=/home/conda/feedstock_root/build_artifacts/gcc_compilers_1740238121525/work/cf-compilers/x86_64-conda-linux-gnu/sysroot --with-native-system-header-dir=/usr/include --with-gxx-include-dir=/home/conda/feedstock_root/build_artifacts/gcc_compilers_1740238121525/_h_env_placehold_placehold_placehold_placehold_placehold_placehold_placehold_placehold_placehold_placehold_placehold_placehold_placehold_placehold_placehold_placehold_placehold_placeho/lib/gcc/x86_64-conda-linux-gnu/12.4.0/include/c++ --with-pkgversion='conda-forge gcc 12.4.0-2' --with-bugurl=https://github.com/conda-forge/ctng-compilers-feedstock/issues/new/choose --enable-libsanitizer --enable-default-pie --enable-threads=posix
Thread model: posix
Supported LTO compression algorithms: zlib
gcc version 12.4.0 (conda-forge gcc 12.4.0-2) 
COLLECT_GCC_OPTIONS='-fvisibility-inlines-hidden' '-fmessage-length=0' '-march=nocona' '-mtune=haswell' '-ftree-vectorize' '-fPIC' '-fstack-protector-strong' '-fno-plt' '-O2' '-ffunction-sections' '-pipe' '-isystem' '/home/ubuntu/.local/share/mamba/envs/mesh-env/include' '-fopenmp' '-v' '-std=c++17' '-o' 'CMakeFiles/cmTC_ecf1c.dir/OpenMPTryFlag.cpp.o' '-c' '-shared-libgcc' '-pthread' '-dumpdir' 'CMakeFiles/cmTC_ecf1c.dir/'
 /home/ubuntu/.local/share/mamba/envs/mesh-env/bin/../libexec/gcc/x86_64-conda-linux-gnu/12.4.0/cc1plus -quiet -v -iprefix /home/ubuntu/.local/share/mamba/envs/mesh-env/bin/../lib/gcc/x86_64-conda-linux-gnu/12.4.0/ -isysroot /home/ubuntu/.local/share/mamba/envs/mesh-env/bin/../x86_64-conda-linux-gnu/sysroot -D_GNU_SOURCE -D_REENTRANT -isystem /home/ubuntu/.local/share/mamba/envs/mesh-env/include /home/ubuntu/recon/build/CMakeFiles/FindOpenMP/OpenMPTryFlag.cpp -quiet -dumpdir CMakeFiles/cmTC_ecf1c.dir/ -dumpbase OpenMPTryFlag.cpp.cpp -dumpbase-ext .cpp -march=nocona -mtune=haswell -O2 -std=c++17 -version -fvisibility-inlines-hidden -fmessage-length=0 -ftree-vectorize -fPIC -fstack-protector-strong -fno-plt -ffunction-sections -fopenmp -o - |
 /home/ubuntu/.local/share/mamba/envs/mesh-env/bin/../lib/gcc/x86_64-conda-linux-gnu/12.4.0/../../../../x86_64-conda-linux-gnu/bin/as -v --64 -o CMakeFiles/cmTC_ecf1c.dir/OpenMPTryFlag.cpp.o
GNU assembler version 2.44 (x86_64-conda-linux-gnu) using BFD version (GNU Binutils) 2.44
GNU C++17 (conda-forge gcc 12.4.0-2) version 12.4.0 (x86_64-conda-linux-gnu)
	compiled by GNU C version 14.2.0, GMP version 6.2.1, MPFR version 4.1.0, MPC version 1.2.1, isl version isl-0.24-GMP

GGC heuristics: --param ggc-min-expand=100 --param ggc-min-heapsize=131072
ignoring nonexistent directory "/home/ubuntu/.local/share/mamba/envs/mesh-env/bin/../lib/gcc/x86_64-conda-linux-gnu/12.4.0/../../../../x86_64-conda-linux-gnu/include"
ignoring duplicate directory "/home/ubuntu/.local/share/mamba/envs/mesh-env/bin/../lib/gcc/../../lib/gcc/x86_64-conda-linux-gnu/12.4.0/include/c++"
ignoring duplicate directory "/home/ubuntu/.local/share/mamba/envs/mesh-env/bin/../lib/gcc/../../lib/gcc/x86_64-conda-linux-gnu/12.4.0/include/c++/x86_64-conda-linux-gnu"
ignoring duplicate directory "/home/ubuntu/.local/share/mamba/envs/mesh-env/bin/../lib/gcc/../../lib/gcc/x86_64-conda-linux-gnu/12.4.0/include/c++/backward"
ignoring duplicate directory "/home/ubuntu/.local/share/mamba/envs/mesh-env/bin/../lib/gcc/../../lib/gcc/x86_64-conda-linux-gnu/12.4.0/include"
ignoring nonexistent directory "/home/ubuntu/.local/share/mamba/envs/mesh-env/bin/../x86_64-conda-linux-gnu/sysroot/usr/local/include"
ignoring duplicate directory "/home/ubuntu/.local/share/mamba/envs/mesh-env/bin/../lib/gcc/../../lib/gcc/x86_64-conda-linux-gnu/12.4.0/include-fixed"
ignoring nonexistent directory "/home/ubuntu/.local/share/mamba/envs/mesh-env/bin/../lib/gcc/../../lib/gcc/x86_64-conda-linux-gnu/12.4.0/../../../../x86_64-conda-linux-gnu/include"
#include "..." search starts here:
#include <...> search starts here:
 /home/ubuntu/.local/share/mamba/envs/mesh-env/include
 /home/ubuntu/.local/share/mamba/envs/mesh-env/bin/../lib/gcc/x86_64-conda-linux-gnu/12.4.0/include/c++
 /home/ubuntu/.local/share/mamba/envs/mesh-env/bin/../lib/gcc/x86_64-conda-linux-gnu/12.4.0/include/c++/x86_64-conda-linux-gnu
 /home/ubuntu/.local/share/mamba/envs/mesh-env/bin/../lib/gcc/x86_64-conda-linux-gnu/12.4.0/include/c++/backward
 /home/ubuntu/.local/share/mamba/envs/mesh-env/bin/../lib/gcc/x86_64-conda-linux-gnu/12.4.0/include
 /home/ubuntu/.local/share/mamba/envs/mesh-env/bin/../lib/gcc/x86_64-conda-linux-gnu/12.4.0/include-fixed
 /home/ubuntu/.local/share/mamba/envs/mesh-env/bin/../x86_64-conda-linux-gnu/sysroot/usr/include
End of search list.
GNU C++17 (conda-forge gcc 12.4.0-2) version 12.4.0 (x86_64-conda-linux-gnu)
	compiled by GNU C version 14.2.0, GMP version 6.2.1, MPFR version 4.1.0, MPC version 1.2.1, isl version isl-0.24-GMP

GGC heuristics: --param ggc-min-expand=100 --param ggc-min-heapsize=131072
Compiler executable checksum: f31f47052c9fa5fea1ea8ad81798a5ce
COMPILER_PATH=/home/ubuntu/.local/share/mamba/envs/mesh-env/bin/../libexec/gcc/x86_64-conda-linux-gnu/12.4.0/:/home/ubuntu/.local/share/mamba/envs/mesh-env/bin/../libexec/gcc/:/home/ubuntu/.local/share/mamba/envs/mesh-env/bin/../lib/gcc/x86_64-conda-linux-gnu/12.4.0/../../../../x86_64-conda-linux-gnu/bin/
LIBRARY_PATH=/home/ubuntu/.local/share/mamba/envs/mesh-env/bin/../lib/gcc/x86_64-conda-linux-gnu/12.4.0/:/home/ubuntu/.local/share/mamba/envs/mesh-env/bin/../lib/gcc/:/home/ubuntu/.local/share/mamba/envs/mesh-env/bin/../lib/gcc/x86_64-conda-linux-gnu/12.4.0/../../../../x86_64-conda-linux-gnu/lib/../lib/:/home/ubuntu/.local/share/mamba/envs/mesh-env/bin/../lib/gcc/x86_64-conda-linux-gnu/12.4.0/../../../../lib/:/home/ubuntu/.local/share/mamba/envs/mesh-env/bin/../x86_64-conda-linux-gnu/sysroot/lib/../lib/:/home/ubuntu/.local/share/mamba/envs/mesh-env/bin/../x86_64-conda-linux-gnu/sysroot/usr/lib/../lib/:/home/ubuntu/.local/share/mamba/envs/mesh-env/bin/../lib/gcc/x86_64-conda-linux-gnu/12.4.0/../../../../x86_64-conda-linux-gnu/lib/:/home/ubuntu/.local/share/mamba/envs/mesh-env/bin/../lib/gcc/x86_64-conda-linux-gnu/12.4.0/../../../:/home/ubuntu/.local/share/mamba/envs/mesh-env/bin/../x86_64-conda-linux-gnu/sysroot/lib/:/home/ubuntu/.local/share/mamba/envs/mesh-env/bin/../x86_64-conda-linux-gnu/sysroot/usr/lib/
COLLECT_GCC_OPTIONS='-fvisibility-inlines-hidden' '-fmessage-length=0' '-march=nocona' '-mtune=haswell' '-ftree-vectorize' '-fPIC' '-fstack-protector-strong' '-fno-plt' '-O2' '-ffunction-sections' '-pipe' '-isystem' '/home/ubuntu/.local/share/mamba/envs/mesh-env/include' '-fopenmp' '-v' '-std=c++17' '-o' 'CMakeFiles/cmTC_ecf1c.dir/OpenMPTryFlag.cpp.o' '-c' '-shared-libgcc' '-pthread' '-dumpdir' 'CMakeFiles/cmTC_ecf1c.dir/OpenMPTryFlag.cpp.'
Linking CXX executable cmTC_ecf1c
/home/ubuntu/.local/share/mamba/envs/mesh-env/bin/cmake -E cmake_link_script CMakeFiles/cmTC_ecf1c.dir/link.txt --verbose=1
/home/ubuntu/.local/share/mamba/envs/mesh-env/bin/x86_64-conda-linux-gnu-c++ -fvisibility-inlines-hidden -fmessage-length=0 -march=nocona -mtune=haswell -ftree-vectorize -fPIC -fstack-protector-strong -fno-plt -O2 -ffunction-sections -pipe -isystem /home/ubuntu/.local/share/mamba/envs/mesh-env/include -fopenmp -v -Wl,-O2 -Wl,--sort-common -Wl,--as-needed -Wl,-z,relro -Wl,-z,now -Wl,--disable-new-dtags -Wl,--gc-sections -Wl,--allow-shlib-undefined -Wl,-rpath,/home/ubuntu/.local/share/mamba/envs/mesh-env/lib -Wl,-rpath-link,/home/ubuntu/.local/share/mamba/envs/mesh-env/lib -L/home/ubuntu/.local/share/mamba/envs/mesh-env/lib  CMakeFiles/cmTC_ecf1c.dir/OpenMPTryFlag.cpp.o -o cmTC_ecf1c  -v 
Reading specs from /home/ubuntu/.local/share/mamba/envs/mesh-env/bin/../lib/gcc/x86_64-conda-linux-gnu/12.4.0/specs
could not find specs file conda.specs
COLLECT_GCC=/home/ubuntu/.local/share/mamba/envs/mesh-env/bin/x86_64-conda-linux-gnu-c++
COLLECT_LTO_WRAPPER=/home/ubuntu/.local/share/mamba/envs/mesh-env/bin/../libexec/gcc/x86_64-conda-linux-gnu/12.4.0/lto-wrapper
Target: x86_64-conda-linux-gnu
Configured with: ../configure --prefix=/home/conda/feedstock_root/build_artifacts/gcc_compilers_1740238121525/_h_env_placehold_placehold_placehold_placehold_placehold_placehold_placehold_placehold_placehold_placehold_placehold_placehold_placehold_placehold_placehold_placehold_placehold_placeho --with-slibdir=/home/conda/feedstock_root/build_artifacts/gcc_compilers_1740238121525/_h_env_placehold_placehold_placehold_placehold_placehold_placehold_placehold_placehold_placehold_placehold_placehold_placehold_placehold_placehold_placehold_placehold_placehold_placeho/lib --libdir=/home/conda/feedstock_root/build_artifacts/gcc_compilers_1740238121525/_h_env_placehold_placehold_placehold_placehold_placehold_placehold_placehold_placehold_placehold_placehold_placehold_placehold_placehold_placehold_placehold_placehold_placehold_placeho/lib --mandir=/home/conda/feedstock_root/build_artifacts/gcc_compilers_1740238121525/_h_env_placehold_placehold_placehold_placehold_placehold_placehold_placehold_placehold_placehold_placehold_placehold_placehold_placehold_placehold_placehold_placehold_placehold_placeho/man --build=x86_64-conda-linux-gnu --host=x86_64-conda-linux-gnu --target=x86_64-conda-linux-gnu --enable-languages=c,c++,fortran,objc,obj-c++ --enable-__cxa_atexit --disable-libmudflap --enable-libgomp --disable-libssp --enable-libquadmath --enable-libquadmath-support --enable-lto --enable-target-optspace --enable-plugin --enable-gold --disable-nls --disable-bootstrap --disable-multilib --enable-long-long --with-sysroot=/home/conda/feedstock_root/build_artifacts/gcc_compilers_1740238121525/_h_env_placehold_placehold_placehold_placehold_placehold_placehold_placehold_placehold_placehold_placehold_placehold_placehold_placehold_placehold_placehold_placehold_placehold_placeho/x86_64-conda-linux-gnu/sysroot --with-build-sysroot=/home/conda/feedstock_root/build_artifacts/gcc_compilers_1740238121525/work/cf-compilers/x86_64-conda-linux-gnu/sysroot --with-native-system-header-dir=/usr/include --with-gxx-include-dir=/home/conda/feedstock_root/build_artifacts/gcc_compilers_1740238121525/_h_env_placehold_placehold_placehold_placehold_placehold_placehold_placehold_placehold_placehold_placehold_placehold_placehold_placehold_placehold_placehold_placehold_placehold_placeho/lib/gcc/x86_64-conda-linux-gnu/12.4.0/include/c++ --with-pkgversion='conda-forge gcc 12.4.0-2' --with-bugurl=https://github.com/conda-forge/ctng-compilers-feedstock/issues/new/choose --enable-libsanitizer --enable-default-pie --enable-threads=posix
Thread model: posix
Supported LTO compression algorithms: zlib
gcc version 12.4.0 (conda-forge gcc 12.4.0-2) 
COMPILER_PATH=/home/ubuntu/.local/share/mamba/envs/mesh-env/bin/../libexec/gcc/x86_64-conda-linux-gnu/12.4.0/:/home/ubuntu/.local/share/mamba/envs/mesh-env/bin/../libexec/gcc/:/home/ubuntu/.local/share/mamba/envs/mesh-env/bin/../lib/gcc/x86_64-conda-linux-gnu/12.4.0/../../../../x86_64-conda-linux-gnu/bin/
LIBRARY_PATH=/home/ubuntu/.local/share/mamba/envs/mesh-env/bin/../lib/gcc/x86_64-conda-linux-gnu/12.4.0/:/home/ubuntu/.local/share/mamba/envs/mesh-env/bin/../lib/gcc/:/home/ubuntu/.local/share/mamba/envs/mesh-env/bin/../lib/gcc/x86_64-conda-linux-gnu/12.4.0/../../../../x86_64-conda-linux-gnu/lib/../lib/:/home/ubuntu/.local/share/mamba/envs/mesh-env/bin/../lib/gcc/x86_64-conda-linux-gnu/12.4.0/../../../../lib/:/home/ubuntu/.local/share/mamba/envs/mesh-env/bin/../x86_64-conda-linux-gnu/sysroot/lib/../lib/:/home/ubuntu/.local/share/mamba/envs/mesh-env/bin/../x86_64-conda-linux-gnu/sysroot/usr/lib/../lib/:/home/ubuntu/.local/share/mamba/envs/mesh-env/bin/../lib/gcc/x86_64-conda-linux-gnu/12.4.0/../../../../x86_64-conda-linux-gnu/lib/:/home/ubuntu/.local/share/mamba/envs/mesh-env/bin/../lib/gcc/x86_64-conda-linux-gnu/12.4.0/../../../:/home/ubuntu/.local/share/mamba/envs/mesh-env/bin/../x86_64-conda-linux-gnu/sysroot/lib/:/home/ubuntu/.local/share/mamba/envs/mesh-env/bin/../x86_64-conda-linux-gnu/sysroot/usr/lib/
Reading specs from /home/ubuntu/.local/share/mamba/envs/mesh-env/bin/../lib/gcc/x86_64-conda-linux-gnu/12.4.0/../../../../x86_64-conda-linux-gnu/lib/../lib/libgomp.spec
COLLECT_GCC_OPTIONS='-fvisibility-inlines-hidden' '-fmessage-length=0' '-march=nocona' '-mtune=haswell' '-ftree-vectorize' '-fPIC' '-fstack-protector-strong' '-fno-plt' '-O2' '-ffunction-sections' '-pipe' '-isystem' '/home/ubuntu/.local/share/mamba/envs/mesh-env/include' '-fopenmp' '-v' '-L/home/ubuntu/.local/share/mamba/envs/mesh-env/lib' '-o' 'cmTC_ecf1c' '-v' '-shared-libgcc' '-pthread' '-dumpdir' 'cmTC_ecf1c.'
 /home/ubuntu/.local/share/mamba/envs/mesh-env/bin/../libexec/gcc/x86_64-conda-linux-gnu/12.4.0/collect2 -plugin /home/ubuntu/.local/share/mamba/envs/mesh-env/bin/../libexec/gcc/x86_64-conda-linux-gnu/12.4.0/liblto_plugin.so -plugin-opt=/home/ubuntu/.local/share/mamba/envs/mesh-env/bin/../libexec/gcc/x86_64-conda-linux-gnu/12.4.0/lto-wrapper -plugin-opt=-fresolution=/tmp/ccDazeDH.res -plugin-opt=-pass-through=-lgcc_s -plugin-opt=-pass-through=-lgcc -plugin-opt=-pass-through=-lpthread -plugin-opt=-pass-through=-lc -plugin-opt=-pass-through=-lgcc_s -plugin-opt=-pass-through=-lgcc --sysroot=/home/ubuntu/.local/share/mamba/envs/mesh-env/bin/../x86_64-conda-linux-gnu/sysroot --eh-frame-hdr -m elf_x86_64 -dynamic-linker /lib64/ld-linux-x86-64.so.2 -pie -o cmTC_ecf1c /home/ubuntu/.local/share/mamba/envs/mesh-env/bin/../x86_64-conda-linux-gnu/sysroot/usr/lib/../lib/Scrt1.o /home/ubuntu/.local/share/mamba/envs/mesh-env/bin/../x86_64-conda-linux-gnu/sysroot/usr/lib/../lib/crti.o /home/ubuntu/.local/share/mamba/envs/mesh-env/bin/../lib/gcc/x86_64-conda-linux-gnu/12.4.0/crtbeginS.o -L/home/ubuntu/.local/share/mamba/envs/mesh-env/lib -L/home/ubuntu/.local/share/mamba/envs/mesh-env/bin/../lib/gcc/x86_64-conda-linux-gnu/12.4.0 -L/home/ubuntu/.local/share/mamba/envs/mesh-env/bin/../lib/gcc -L/home/ubuntu/.local/share/mamba/envs/mesh-env/bin/../lib/gcc/x86_64-conda-linux-gnu/12.4.0/../../../../x86_64-conda-linux-gnu/lib/../lib -L/home/ubuntu/.local/share/mamba/envs/mesh-env/bin/../lib/gcc/x86_64-conda-linux-gnu/12.4.0/../../../../lib -L/home/ubuntu/.local/share/mamba/envs/mesh-env/bin/../x86_64-conda-linux-gnu/sysroot/lib/../lib -L/home/ubuntu/.local/share/mamba/envs/mesh-env/bin/../x86_64-conda-linux-gnu/sysroot/usr/lib/../lib -L/home/ubuntu/.local/share/mamba/envs/mesh-env/bin/../lib/gcc/x86_64-conda-linux-gnu/12.4.0/../../../../x86_64-conda-linux-gnu/lib -L/home/ubuntu/.local/share/mamba/envs/mesh-env/bin/../lib/gcc/x86_64-conda-linux-gnu/12.4.0/../../.. -L/home/ubuntu/.local/share/mamba/envs/mesh-env/bin/../x86_64-conda-linux-gnu/sysroot/lib -L/home/ubuntu/.local/share/mamba/envs/mesh-env/bin/../x86_64-conda-linux-gnu/sysroot/usr/lib -O2 --sort-common --as-needed -z relro -z now --disable-new-dtags --gc-sections --allow-shlib-undefined -rpath /home/ubuntu/.local/share/mamba/envs/mesh-env/lib -rpath-link /home/ubuntu/.local/share/mamba/envs/mesh-env/lib CMakeFiles/cmTC_ecf1c.dir/OpenMPTryFlag.cpp.o -lstdc++ -lm -lgomp -lgcc_s -lgcc -lpthread -lc -lgcc_s -lgcc /home/ubuntu/.local/share/mamba/envs/mesh-env/bin/../lib/gcc/x86_64-conda-linux-gnu/12.4.0/crtendS.o /home/ubuntu/.local/share/mamba/envs/mesh-env/bin/../x86_64-conda-linux-gnu/sysroot/usr/lib/../lib/crtn.o -rpath /home/ubuntu/.local/share/mamba/envs/mesh-env/lib
COLLECT_GCC_OPTIONS='-fvisibility-inlines-hidden' '-fmessage-length=0' '-march=nocona' '-mtune=haswell' '-ftree-vectorize' '-fPIC' '-fstack-protector-strong' '-fno-plt' '-O2' '-ffunction-sections' '-pipe' '-isystem' '/home/ubuntu/.local/share/mamba/envs/mesh-env/include' '-fopenmp' '-v' '-L/home/ubuntu/.local/share/mamba/envs/mesh-env/lib' '-o' 'cmTC_ecf1c' '-v' '-shared-libgcc' '-pthread' '-dumpdir' 'cmTC_ecf1c.'
gmake[1]: Leaving directory '/home/ubuntu/recon/build/CMakeFiles/CMakeTmp'



Parsed CXX OpenMP implicit link information from above output:
  link line regex: [^( *|.*[/\])(x86_64-conda-linux-gnu-ld|CMAKE_LINK_STARTFILE-NOTFOUND|([^/\]+-)?ld|collect2)[^/\]*( |$)]
  ignore line: [Change Dir: '/home/ubuntu/recon/build/CMakeFiles/CMakeTmp']
  ignore line: []
  ignore line: [Run Build Command(s): /home/ubuntu/.local/share/mamba/envs/mesh-env/bin/cmake -E env VERBOSE=1 /usr/bin/gmake -f Makefile cmTC_ecf1c/fast]
  ignore line: [/usr/bin/gmake  -f CMakeFiles/cmTC_ecf1c.dir/build.make CMakeFiles/cmTC_ecf1c.dir/build]
  ignore line: [gmake[1]: Entering directory '/home/ubuntu/recon/build/CMakeFiles/CMakeTmp']
  ignore line: [Building CXX object CMakeFiles/cmTC_ecf1c.dir/OpenMPTryFlag.cpp.o]
  ignore line: [/home/ubuntu/.local/share/mamba/envs/mesh-env/bin/x86_64-conda-linux-gnu-c++   -fvisibility-inlines-hidden -fmessage-length=0 -march=nocona -mtune=haswell -ftree-vectorize -fPIC -fstack-protector-strong -fno-plt -O2 -ffunction-sections -pipe -isystem /home/ubuntu/.local/share/mamba/envs/mesh-env/include -fopenmp -v -std=c++17 -o CMakeFiles/cmTC_ecf1c.dir/OpenMPTryFlag.cpp.o -c /home/ubuntu/recon/build/CMakeFiles/FindOpenMP/OpenMPTryFlag.cpp]
  ignore line: [Reading specs from /home/ubuntu/.local/share/mamba/envs/mesh-env/bin/../lib/gcc/x86_64-conda-linux-gnu/12.4.0/specs]
  ignore line: [could not find specs file conda.specs]
  ignore line: [COLLECT_GCC=/home/ubuntu/.local/share/mamba/envs/mesh-env/bin/x86_64-conda-linux-gnu-c++]
  ignore line: [Target: x86_64-conda-linux-gnu]
  ignore line: [Configured with: ../configure --prefix=/home/conda/feedstock_root/build_artifacts/gcc_compilers_1740238121525/_h_env_placehold_placehold_placehold_placehold_placehold_placehold_placehold_placehold_placehold_placehold_placehold_placehold_placehold_placehold_placehold_placehold_placehold_placeho --with-slibdir=/home/conda/feedstock_root/build_artifacts/gcc_compilers_1740238121525/_h_env_placehold_placehold_placehold_placehold_placehold_placehold_placehold_placehold_placehold_placehold_placehold_placehold_placehold_placehold_placehold_placehold_placehold_placeho/lib --libdir=/home/conda/feedstock_root/build_artifacts/gcc_compilers_1740238121525/_h_env_placehold_placehold_placehold_placehold_placehold_placehold_placehold_placehold_placehold_placehold_placehold_placehold_placehold_placehold_placehold_placehold_placehold_placeho/lib --mandir=/home/conda/feedstock_root/build_artifacts/gcc_compilers_1740238121525/_h_env_placehold_placehold_placehold_placehold_placehold_placehold_placehold_placehold_placehold_placehold_placehold_placehold_placehold_placehold_placehold_placehold_placehold_placeho/man --build=x86_64-conda-linux-gnu --host=x86_64-conda-linux-gnu --target=x86_64-conda-linux-gnu --enable-languages=c c++ fortran objc obj-c++ --enable-__cxa_atexit --disable-libmudflap --enable-libgomp --disable-libssp --enable-libquadmath --enable-libquadmath-support --enable-lto --enable-target-optspace --enable-plugin --enable-gold --disable-nls --disable-bootstrap --disable-multilib --enable-long-long --with-sysroot=/home/conda/feedstock_root/build_artifacts/gcc_compilers_1740238121525/_h_env_placehold_placehold_placehold_placehold_placehold_placehold_placehold_placehold_placehold_placehold_placehold_placehold_placehold_placehold_placehold_placehold_placehold_placeho/x86_64-conda-linux-gnu/sysroot --with-build-sysroot=/home/conda/feedstock_root/build_artifacts/gcc_compilers_1740238121525/work/cf-compilers/x86_64-conda-linux-gnu/sysroot --with-native-system-header-dir=/usr/include --with-gxx-include-dir=/home/conda/feedstock_root/build_artifacts/gcc_compilers_1740238121525/_h_env_placehold_placehold_placehold_placehold_placehold_placehold_placehold_placehold_placehold_placehold_placehold_placehold_placehold_placehold_placehold_placehold_placehold_placeho/lib/gcc/x86_64-conda-linux-gnu/12.4.0/include/c++ --with-pkgversion='conda-forge gcc 12.4.0-2' --with-bugurl=https://github.com/conda-forge/ctng-compilers-feedstock/issues/new/choose --enable-libsanitizer --enable-default-pie --enable-threads=posix]
  ignore line: [Thread model: posix]
  ignore line: [Supported LTO compression algorithms: zlib]
  ignore line: [gcc version 12.4.0 (conda-forge gcc 12.4.0-2) ]
  ignore line: [COLLECT_GCC_OPTIONS='-fvisibility-inlines-hidden' '-fmessage-length=0' '-march=nocona' '-mtune=haswell' '-ftree-vectorize' '-fPIC' '-fstack-protector-strong' '-fno-plt' '-O2' '-ffunction-sections' '-pipe' '-isystem' '/home/ubuntu/.local/share/mamba/envs/mesh-env/include' '-fopenmp' '-v' '-std=c++17' '-o' 'CMakeFiles/cmTC_ecf1c.dir/OpenMPTryFlag.cpp.o' '-c' '-shared-libgcc' '-pthread' '-dumpdir' 'CMakeFiles/cmTC_ecf1c.dir/']
  ignore line: [ /home/ubuntu/.local/share/mamba/envs/mesh-env/bin/../libexec/gcc/x86_64-conda-linux-gnu/12.4.0/cc1plus -quiet -v -iprefix /home/ubuntu/.local/share/mamba/envs/mesh-env/bin/../lib/gcc/x86_64-conda-linux-gnu/12.4.0/ -isysroot /home/ubuntu/.local/share/mamba/envs/mesh-env/bin/../x86_64-conda-linux-gnu/sysroot -D_GNU_SOURCE -D_REENTRANT -isystem /home/ubuntu/.local/share/mamba/envs/mesh-env/include /home/ubuntu/recon/build/CMakeFiles/FindOpenMP/OpenMPTryFlag.cpp -quiet -dumpdir CMakeFiles/cmTC_ecf1c.dir/ -dumpbase OpenMPTryFlag.cpp.cpp -dumpbase-ext .cpp -march=nocona -mtune=haswell -O2 -std=c++17 -version -fvisibility-inlines-hidden -fmessage-length=0 -ftree-vectorize -fPIC -fstack-protector-strong -fno-plt -ffunction-sections -fopenmp -o - |]
  ignore line: [ /home/ubuntu/.local/share/mamba/envs/mesh-env/bin/../lib/gcc/x86_64-conda-linux-gnu/12.4.0/../../../../x86_64-conda-linux-gnu/bin/as -v --64 -o CMakeFiles/cmTC_ecf1c.dir/OpenMPTryFlag.cpp.o]
  ignore line: [GNU assembler version 2.44 (x86_64-conda-linux-gnu) using BFD version (GNU Binutils) 2.44]
  ignore line: [GNU C++17 (conda-forge gcc 12.4.0-2) version 12.4.0 (x86_64-conda-linux-gnu)]
  ignore line: [	compiled by GNU C version 14.2.0  GMP version 6.2.1  MPFR version 4.1.0  MPC version 1.2.1  isl version isl-0.24-GMP]
  ignore line: []
  ignore line: [GGC heuristics: --param ggc-min-expand=100 --param ggc-min-heapsize=131072]
  ignore line: [ignoring nonexistent directory "/home/ubuntu/.local/share/mamba/envs/mesh-env/bin/../lib/gcc/x86_64-conda-linux-gnu/12.4.0/../../../../x86_64-conda-linux-gnu/include"]
  ignore line: [ignoring duplicate directory "/home/ubuntu/.local/share/mamba/envs/mesh-env/bin/../lib/gcc/../../lib/gcc/x86_64-conda-linux-gnu/12.4.0/include/c++"]
  ignore line: [ignoring duplicate directory "/home/ubuntu/.local/share/mamba/envs/mesh-env/bin/../lib/gcc/../../lib/gcc/x86_64-conda-linux-gnu/12.4.0/include/c++/x86_64-conda-linux-gnu"]
  ignore line: [ignoring duplicate directory "/home/ubuntu/.local/share/mamba/envs/mesh-env/bin/../lib/gcc/../../lib/gcc/x86_64-conda-linux-gnu/12.4.0/include/c++/backward"]
  ignore line: [ignoring duplicate directory "/home/ubuntu/.local/share/mamba/envs/mesh-env/bin/../lib/gcc/../../lib/gcc/x86_64-conda-linux-gnu/12.4.0/include"]
  ignore line: [ignoring nonexistent directory "/home/ubuntu/.local/share/mamba/envs/mesh-env/bin/../x86_64-conda-linux-gnu/sysroot/usr/local/include"]
  ignore line: [ignoring duplicate directory "/home/ubuntu/.local/share/mamba/envs/mesh-env/bin/../lib/gcc/../../lib/gcc/x86_64-conda-linux-gnu/12.4.0/include-fixed"]
  ignore line: [ignoring nonexistent directory "/home/ubuntu/.local/share/mamba/envs/mesh-env/bin/../lib/gcc/../../lib/gcc/x86_64-conda-linux-gnu/12.4.0/../../../../x86_64-conda-linux-gnu/include"]
  ignore line: [#include "..." search starts here:]
  ignore line: [#include <...> search starts here:]
  ignore line: [ /home/ubuntu/.local/share/mamba/envs/mesh-env/include]
  ignore line: [ /home/ubuntu/.local/share/mamba/envs/mesh-env/bin/../lib/gcc/x86_64-conda-linux-gnu/12.4.0/include/c++]
  ignore line: [ /home/ubuntu/.local/share/mamba/envs/mesh-env/bin/../lib/gcc/x86_64-conda-linux-gnu/12.4.0/include/c++/x86_64-conda-linux-gnu]
  ignore line: [ /home/ubuntu/.local/share/mamba/envs/mesh-env/bin/../lib/gcc/x86_64-conda-linux-gnu/12.4.0/include/c++/backward]
  ignore line: [ /home/ubuntu/.local/share/mamba/envs/mesh-env/bin/../lib/gcc/x86_64-conda-linux-gnu/12.4.0/include]
  ignore line: [ /home/ubuntu/.local/share/mamba/envs/mesh-env/bin/../lib/gcc/x86_64-conda-linux-gnu/12.4.0/include-fixed]
  ignore line: [ /home/ubuntu/.local/share/mamba/envs/mesh-env/bin/../x86_64-conda-linux-gnu/sysroot/usr/include]
  ignore line: [End of search list.]
  ignore line: [GNU C++17 (conda-forge gcc 12.4.0-2) version 12.4.0 (x86_64-conda-linux-gnu)]
  ignore line: [	compiled by GNU C version 14.2.0  GMP version 6.2.1  MPFR version 4.1.0  MPC version 1.2.1  isl version isl-0.24-GMP]
  ignore line: []
  ignore line: [GGC heuristics: --param ggc-min-expand=100 --param ggc-min-heapsize=131072]
  ignore line: [Compiler executable checksum: f31f47052c9fa5fea1ea8ad81798a5ce]
  ignore line: [COMPILER_PATH=/home/ubuntu/.local/share/mamba/envs/mesh-env/bin/../libexec/gcc/x86_64-conda-linux-gnu/12.4.0/:/home/ubuntu/.local/share/mamba/envs/mesh-env/bin/../libexec/gcc/:/home/ubuntu/.local/share/mamba/envs/mesh-env/bin/../lib/gcc/x86_64-conda-linux-gnu/12.4.0/../../../../x86_64-conda-linux-gnu/bin/]
  ignore line: [LIBRARY_PATH=/home/ubuntu/.local/share/mamba/envs/mesh-env/bin/../lib/gcc/x86_64-conda-linux-gnu/12.4.0/:/home/ubuntu/.local/share/mamba/envs/mesh-env/bin/../lib/gcc/:/home/ubuntu/.local/share/mamba/envs/mesh-env/bin/../lib/gcc/x86_64-conda-linux-gnu/12.4.0/../../../../x86_64-conda-linux-gnu/lib/../lib/:/home/ubuntu/.local/share/mamba/envs/mesh-env/bin/../lib/gcc/x86_64-conda-linux-gnu/12.4.0/../../../../lib/:/home/ubuntu/.local/share/mamba/envs/mesh-env/bin/../x86_64-conda-linux-gnu/sysroot/lib/../lib/:/home/ubuntu/.local/share/mamba/envs/mesh-env/bin/../x86_64-conda-linux-gnu/sysroot/usr/lib/../lib/:/home/ubuntu/.local/share/mamba/envs/mesh-env/bin/../lib/gcc/x86_64-conda-linux-gnu/12.4.0/../../../../x86_64-conda-linux-gnu/lib/:/home/ubuntu/.local/share/mamba/envs/mesh-env/bin/../lib/gcc/x86_64-conda-linux-gnu/12.4.0/../../../:/home/ubuntu/.local/share/mamba/envs/mesh-env/bin/../x86_64-conda-linux-gnu/sysroot/lib/:/home/ubuntu/.local/share/mamba/envs/mesh-env/bin/../x86_64-conda-linux-gnu/sysroot/usr/lib/]
  ignore line: [COLLECT_GCC_OPTIONS='-fvisibility-inlines-hidden' '-fmessage-length=0' '-march=nocona' '-mtune=haswell' '-ftree-vectorize' '-fPIC' '-fstack-protector-strong' '-fno-plt' '-O2' '-ffunction-sections' '-pipe' '-isystem' '/home/ubuntu/.local/share/mamba/envs/mesh-env/include' '-fopenmp' '-v' '-std=c++17' '-o' 'CMakeFiles/cmTC_ecf1c.dir/OpenMPTryFlag.cpp.o' '-c' '-shared-libgcc' '-pthread' '-dumpdir' 'CMakeFiles/cmTC_ecf1c.dir/OpenMPTryFlag.cpp.']
  ignore line: [Linking CXX executable cmTC_ecf1c]
  ignore line: [/home/ubuntu/.local/share/mamba/envs/mesh-env/bin/cmake -E cmake_link_script CMakeFiles/cmTC_ecf1c.dir/link.txt --verbose=1]
  ignore line: [/home/ubuntu/.local/share/mamba/envs/mesh-env/bin/x86_64-conda-linux-gnu-c++ -fvisibility-inlines-hidden -fmessage-length=0 -march=nocona -mtune=haswell -ftree-vectorize -fPIC -fstack-protector-strong -fno-plt -O2 -ffunction-sections -pipe -isystem /home/ubuntu/.local/share/mamba/envs/mesh-env/include -fopenmp -v -Wl -O2 -Wl --sort-common -Wl --as-needed -Wl -z relro -Wl -z now -Wl --disable-new-dtags -Wl --gc-sections -Wl --allow-shlib-undefined -Wl -rpath /home/ubuntu/.local/share/mamba/envs/mesh-env/lib -Wl -rpath-link /home/ubuntu/.local/share/mamba/envs/mesh-env/lib -L/home/ubuntu/.local/share/mamba/envs/mesh-env/lib  CMakeFiles/cmTC_ecf1c.dir/OpenMPTryFlag.cpp.o -o cmTC_ecf1c  -v ]
  ignore line: [Reading specs from /home/ubuntu/.local/share/mamba/envs/mesh-env/bin/../lib/gcc/x86_64-conda-linux-gnu/12.4.0/specs]
  ignore line: [could not find specs file conda.specs]
  ignore line: [COLLECT_GCC=/home/ubuntu/.local/share/mamba/envs/mesh-env/bin/x86_64-conda-linux-gnu-c++]
  ignore line: [COLLECT_LTO_WRAPPER=/home/ubuntu/.local/share/mamba/envs/mesh-env/bin/../libexec/gcc/x86_64-conda-linux-gnu/12.4.0/lto-wrapper]
  ignore line: [Target: x86_64-conda-linux-gnu]
  ignore line: [Configured with: ../configure --prefix=/home/conda/feedstock_root/build_artifacts/gcc_compilers_1740238121525/_h_env_placehold_placehold_placehold_placehold_placehold_placehold_placehold_placehold_placehold_placehold_placehold_placehold_placehold_placehold_placehold_placehold_placehold_placeho --with-slibdir=/home/conda/feedstock_root/build_artifacts/gcc_compilers_1740238121525/_h_env_placehold_placehold_placehold_placehold_placehold_placehold_placehold_placehold_placehold_placehold_placehold_placehold_placehold_placehold_placehold_placehold_placehold_placeho/lib --libdir=/home/conda/feedstock_root/build_artifacts/gcc_compilers_1740238121525/_h_env_placehold_placehold_placehold_placehold_placehold_placehold_placehold_placehold_placehold_placehold_placehold_placehold_placehold_placehold_placehold_placehold_placehold_placeho/lib --mandir=/home/conda/feedstock_root/build_artifacts/gcc_compilers_1740238121525/_h_env_placehold_placehold_placehold_placehold_placehold_placehold_placehold_placehold_placehold_placehold_placehold_placehold_placehold_placehold_placehold_placehold_placehold_placeho/man --build=x86_64-conda-linux-gnu --host=x86_64-conda-linux-gnu --target=x86_64-conda-linux-gnu --enable-languages=c c++ fortran objc obj-c++ --enable-__cxa_atexit --disable-libmudflap --enable-libgomp --disable-libssp --enable-libquadmath --enable-libquadmath-support --enable-lto --enable-target-optspace --enable-plugin --enable-gold --disable-nls --disable-bootstrap --disable-multilib --enable-long-long --with-sysroot=/home/conda/feedstock_root/build_artifacts/gcc_compilers_1740238121525/_h_env_placehold_placehold_placehold_placehold_placehold_placehold_placehold_placehold_placehold_placehold_placehold_placehold_placehold_placehold_placehold_placehold_placehold_placeho/x86_64-conda-linux-gnu/sysroot --with-build-sysroot=/home/conda/feedstock_root/build_artifacts/gcc_compilers_1740238121525/work/cf-compilers/x86_64-conda-linux-gnu/sysroot --with-native-system-header-dir=/usr/include --with-gxx-include-dir=/home/conda/feedstock_root/build_artifacts/gcc_compilers_1740238121525/_h_env_placehold_placehold_placehold_placehold_placehold_placehold_placehold_placehold_placehold_placehold_placehold_placehold_placehold_placehold_placehold_placehold_placehold_placeho/lib/gcc/x86_64-conda-linux-gnu/12.4.0/include/c++ --with-pkgversion='conda-forge gcc 12.4.0-2' --with-bugurl=https://github.com/conda-forge/ctng-compilers-feedstock/issues/new/choose --enable-libsanitizer --enable-default-pie --enable-threads=posix]
  ignore line: [Thread model: posix]
  ignore line: [Supported LTO compression algorithms: zlib]
  ignore line: [gcc version 12.4.0 (conda-forge gcc 12.4.0-2) ]
  ignore line: [COMPILER_PATH=/home/ubuntu/.local/share/mamba/envs/mesh-env/bin/../libexec/gcc/x86_64-conda-linux-gnu/12.4.0/:/home/ubuntu/.local/share/mamba/envs/mesh-env/bin/../libexec/gcc/:/home/ubuntu/.local/share/mamba/envs/mesh-env/bin/../lib/gcc/x86_64-conda-linux-gnu/12.4.0/../../../../x86_64-conda-linux-gnu/bin/]
  ignore line: [LIBRARY_PATH=/home/ubuntu/.local/share/mamba/envs/mesh-env/bin/../lib/gcc/x86_64-conda-linux-gnu/12.4.0/:/home/ubuntu/.local/share/mamba/envs/mesh-env/bin/../lib/gcc/:/home/ubuntu/.local/share/mamba/envs/mesh-env/bin/../lib/gcc/x86_64-conda-linux-gnu/12.4.0/../../../../x86_64-conda-linux-gnu/lib/../lib/:/home/ubuntu/.local/share/mamba/envs/mesh-env/bin/../lib/gcc/x86_64-conda-linux-gnu/12.4.0/../../../../lib/:/home/ubuntu/.local/share/mamba/envs/mesh-env/bin/../x86_64-conda-linux-gnu/sysroot/lib/../lib/:/home/ubuntu/.local/share/mamba/envs/mesh-env/bin/../x86_64-conda-linux-gnu/sysroot/usr/lib/../lib/:/home/ubuntu/.local/share/mamba/envs/mesh-env/bin/../lib/gcc/x86_64-conda-linux-gnu/12.4.0/../../../../x86_64-conda-linux-gnu/lib/:/home/ubuntu/.local/share/mamba/envs/mesh-env/bin/../lib/gcc/x86_64-conda-linux-gnu/12.4.0/../../../:/home/ubuntu/.local/share/mamba/envs/mesh-env/bin/../x86_64-conda-linux-gnu/sysroot/lib/:/home/ubuntu/.local/share/mamba/envs/mesh-env/bin/../x86_64-conda-linux-gnu/sysroot/usr/lib/]
  ignore line: [Reading specs from /home/ubuntu/.local/share/mamba/envs/mesh-env/bin/../lib/gcc/x86_64-conda-linux-gnu/12.4.0/../../../../x86_64-conda-linux-gnu/lib/../lib/libgomp.spec]
  ignore line: [COLLECT_GCC_OPTIONS='-fvisibility-inlines-hidden' '-fmessage-length=0' '-march=nocona' '-mtune=haswell' '-ftree-vectorize' '-fPIC' '-fstack-protector-strong' '-fno-plt' '-O2' '-ffunction-sections' '-pipe' '-isystem' '/home/ubuntu/.local/share/mamba/envs/mesh-env/include' '-fopenmp' '-v' '-L/home/ubuntu/.local/share/mamba/envs/mesh-env/lib' '-o' 'cmTC_ecf1c' '-v' '-shared-libgcc' '-pthread' '-dumpdir' 'cmTC_ecf1c.']
  link line: [ /home/ubuntu/.local/share/mamba/envs/mesh-env/bin/../libexec/gcc/x86_64-conda-linux-gnu/12.4.0/collect2 -plugin /home/ubuntu/.local/share/mamba/envs/mesh-env/bin/../libexec/gcc/x86_64-conda-linux-gnu/12.4.0/liblto_plugin.so -plugin-opt=/home/ubuntu/.local/share/mamba/envs/mesh-env/bin/../libexec/gcc/x86_64-conda-linux-gnu/12.4.0/lto-wrapper -plugin-opt=-fresolution=/tmp/ccDazeDH.res -plugin-opt=-pass-through=-lgcc_s -plugin-opt=-pass-through=-lgcc -plugin-opt=-pass-through=-lpthread -plugin-opt=-pass-through=-lc -plugin-opt=-pass-through=-lgcc_s -plugin-opt=-pass-through=-lgcc --sysroot=/home/ubuntu/.local/share/mamba/envs/mesh-env/bin/../x86_64-conda-linux-gnu/sysroot --eh-frame-hdr -m elf_x86_64 -dynamic-linker /lib64/ld-linux-x86-64.so.2 -pie -o cmTC_ecf1c /home/ubuntu/.local/share/mamba/envs/mesh-env/bin/../x86_64-conda-linux-gnu/sysroot/usr/lib/../lib/Scrt1.o /home/ubuntu/.local/share/mamba/envs/mesh-env/bin/../x86_64-conda-linux-gnu/sysroot/usr/lib/../lib/crti.o /home/ubuntu/.local/share/mamba/envs/mesh-env/bin/../lib/gcc/x86_64-conda-linux-gnu/12.4.0/crtbeginS.o -L/home/ubuntu/.local/share/mamba/envs/mesh-env/lib -L/home/ubuntu/.local/share/mamba/envs/mesh-env/bin/../lib/gcc/x86_64-conda-linux-gnu/12.4.0 -L/home/ubuntu/.local/share/mamba/envs/mesh-env/bin/../lib/gcc -L/home/ubuntu/.local/share/mamba/envs/mesh-env/bin/../lib/gcc/x86_64-conda-linux-gnu/12.4.0/../../../../x86_64-conda-linux-gnu/lib/../lib -L/home/ubuntu/.local/share/mamba/envs/mesh-env/bin/../lib/gcc/x86_64-conda-linux-gnu/12.4.0/../../../../lib -L/home/ubuntu/.local/share/mamba/envs/mesh-env/bin/../x86_64-conda-linux-gnu/sysroot/lib/../lib -L/home/ubuntu/.local/share/mamba/envs/mesh-env/bin/../x86_64-conda-linux-gnu/sysroot/usr/lib/../lib -L/home/ubuntu/.local/share/mamba/envs/mesh-env/bin/../lib/gcc/x86_64-conda-linux-gnu/12.4.0/../../../../x86_64-conda-linux-gnu/lib -L/home/ubuntu/.local/share/mamba/envs/mesh-env/bin/../lib/gcc/x86_64-conda-linux-gnu/12.4.0/../../.. -L/home/ubuntu/.local/share/mamba/envs/mesh-env/bin/../x86_64-conda-linux-gnu/sysroot/lib -L/home/ubuntu/.local/share/mamba/envs/mesh-env/bin/../x86_64-conda-linux-gnu/sysroot/usr/lib -O2 --sort-common --as-needed -z relro -z now --disable-new-dtags --gc-sections --allow-shlib-undefined -rpath /home/ubuntu/.local/share/mamba/envs/mesh-env/lib -rpath-link /home/ubuntu/.local/share/mamba/envs/mesh-env/lib CMakeFiles/cmTC_ecf1c.dir/OpenMPTryFlag.cpp.o -lstdc++ -lm -lgomp -lgcc_s -lgcc -lpthread -lc -lgcc_s -lgcc /home/ubuntu/.local/share/mamba/envs/mesh-env/bin/../lib/gcc/x86_64-conda-linux-gnu/12.4.0/crtendS.o /home/ubuntu/.local/share/mamba/envs/mesh-env/bin/../x86_64-conda-linux-gnu/sysroot/usr/lib/../lib/crtn.o -rpath /home/ubuntu/.local/share/mamba/envs/mesh-env/lib]
    arg [/home/ubuntu/.local/share/mamba/envs/mesh-env/bin/../libexec/gcc/x86_64-conda-linux-gnu/12.4.0/collect2] ==> ignore
    arg [-plugin] ==> ignore
    arg [/home/ubuntu/.local/share/mamba/envs/mesh-env/bin/../libexec/gcc/x86_64-conda-linux-gnu/12.4.0/liblto_plugin.so] ==> ignore
    arg [-plugin-opt=/home/ubuntu/.local/share/mamba/envs/mesh-env/bin/../libexec/gcc/x86_64-conda-linux-gnu/12.4.0/lto-wrapper] ==> ignore
    arg [-plugin-opt=-fresolution=/tmp/ccDazeDH.res] ==> ignore
    arg [-plugin-opt=-pass-through=-lgcc_s] ==> ignore
    arg [-plugin-opt=-pass-through=-lgcc] ==> ignore
    arg [-plugin-opt=-pass-through=-lpthread] ==> ignore
    arg [-plugin-opt=-pass-through=-lc] ==> ignore
    arg [-plugin-opt=-pass-through=-lgcc_s] ==> ignore
    arg [-plugin-opt=-pass-through=-lgcc] ==> ignore
    arg [--sysroot=/home/ubuntu/.local/share/mamba/envs/mesh-env/bin/../x86_64-conda-linux-gnu/sysroot] ==> ignore
    arg [--eh-frame-hdr] ==> ignore
    arg [-m] ==> ignore
    arg [elf_x86_64] ==> ignore
    arg [-dynamic-linker] ==> ignore
    arg [/lib64/ld-linux-x86-64.so.2] ==> ignore
    arg [-pie] ==> ignore
    arg [-o] ==> ignore
    arg [cmTC_ecf1c] ==> ignore
    arg [-L/home/ubuntu/.local/share/mamba/envs/mesh-env/lib] ==> dir [/home/ubuntu/.local/share/mamba/envs/mesh-env/lib]
    arg [-L/home/ubuntu/.local/share/mamba/envs/mesh-env/bin/../lib/gcc/x86_64-conda-linux-gnu/12.4.0] ==> dir [/home/ubuntu/.local/share/mamba/envs/mesh-env/bin/../lib/gcc/x86_64-conda-linux-gnu/12.4.0]
    arg [-L/home/ubuntu/.local/share/mamba/envs/mesh-env/bin/../lib/gcc] ==> dir [/home/ubuntu/.local/share/mamba/envs/mesh-env/bin/../lib/gcc]
    arg [-L/home/ubuntu/.local/share/mamba/envs/mesh-env/bin/../lib/gcc/x86_64-conda-linux-gnu/12.4.0/../../../../x86_64-conda-linux-gnu/lib/../lib] ==> dir [/home/ubuntu/.local/share/mamba/envs/mesh-env/bin/../lib/gcc/x86_64-conda-linux-gnu/12.4.0/../../../../x86_64-conda-linux-gnu/lib/../lib]
    arg [-L/home/ubuntu/.local/share/mamba/envs/mesh-env/bin/../lib/gcc/x86_64-conda-linux-gnu/12.4.0/../../../../lib] ==> dir [/home/ubuntu/.local/share/mamba/envs/mesh-env/bin/../lib/gcc/x86_64-conda-linux-gnu/12.4.0/../../../../lib]
    arg [-L/home/ubuntu/.local/share/mamba/envs/mesh-env/bin/../x86_64-conda-linux-gnu/sysroot/lib/../lib] ==> dir [/home/ubuntu/.local/share/mamba/envs/mesh-env/bin/../x86_64-conda-linux-gnu/sysroot/lib/../lib]
    arg [-L/home/ubuntu/.local/share/mamba/envs/mesh-env/bin/../x86_64-conda-linux-gnu/sysroot/usr/lib/../lib] ==> dir [/home/ubuntu/.local/share/mamba/envs/mesh-env/bin/../x86_64-conda-linux-gnu/sysroot/usr/lib/../lib]
    arg [-L/home/ubuntu/.local/share/mamba/envs/mesh-env/bin/../lib/gcc/x86_64-conda-linux-gnu/12.4.0/../../../../x86_64-conda-linux-gnu/lib] ==> dir [/home/ubuntu/.local/share/mamba/envs/mesh-env/bin/../lib/gcc/x86_64-conda-linux-gnu/12.4.0/../../../../x86_64-conda-linux-gnu/lib]
    arg [-L/home/ubuntu/.local/share/mamba/envs/mesh-env/bin/../lib/gcc/x86_64-conda-linux-gnu/12.4.0/../../..] ==> dir [/home/ubuntu/.local/share/mamba/envs/mesh-env/bin/../lib/gcc/x86_64-conda-linux-gnu/12.4.0/../../..]
    arg [-L/home/ubuntu/.local/share/mamba/envs/mesh-env/bin/../x86_64-conda-linux-gnu/sysroot/lib] ==> dir [/home/ubuntu/.local/share/mamba/envs/mesh-env/bin/../x86_64-conda-linux-gnu/sysroot/lib]
    arg [-L/home/ubuntu/.local/share/mamba/envs/mesh-env/bin/../x86_64-conda-linux-gnu/sysroot/usr/lib] ==> dir [/home/ubuntu/.local/share/mamba/envs/mesh-env/bin/../x86_64-conda-linux-gnu/sysroot/usr/lib]
    arg [-O2] ==> ignore
    arg [--sort-common] ==> ignore
    arg [--as-needed] ==> ignore
    arg [-zrelro] ==> ignore
    arg [-znow] ==> ignore
    arg [--disable-new-dtags] ==> ignore
    arg [--gc-sections] ==> ignore
    arg [--allow-shlib-undefined] ==> ignore
    arg [-rpath] ==> ignore
    arg [/home/ubuntu/.local/share/mamba/envs/mesh-env/lib] ==> ignore
    arg [-rpath-link] ==> ignore
    arg [/home/ubuntu/.local/share/mamba/envs/mesh-env/lib] ==> ignore
    arg [CMakeFiles/cmTC_ecf1c.dir/OpenMPTryFlag.cpp.o] ==> ignore
    arg [-lstdc++] ==> lib [stdc++]
    arg [-lm] ==> lib [m]
    arg [-lgomp] ==> lib [gomp]
    arg [-lgcc_s] ==> lib [gcc_s]
    arg [-lgcc] ==> lib [gcc]
    arg [-lpthread] ==> lib [pthread]
    arg [-lc] ==> lib [c]
    arg [-lgcc_s] ==> lib [gcc_s]
    arg [-lgcc] ==> lib [gcc]
    arg [-rpath] ==> ignore
    arg [/home/ubuntu/.local/share/mamba/envs/mesh-env/lib] ==> ignore
  collapse library dir [/home/ubuntu/.local/share/mamba/envs/mesh-env/lib] ==> [/home/ubuntu/.local/share/mamba/envs/mesh-env/lib]
  collapse library dir [/home/ubuntu/.local/share/mamba/envs/mesh-env/bin/../lib/gcc/x86_64-conda-linux-gnu/12.4.0] ==> [/home/ubuntu/.local/share/mamba/envs/mesh-env/lib/gcc/x86_64-conda-linux-gnu/12.4.0]
  collapse library dir [/home/ubuntu/.local/share/mamba/envs/mesh-env/bin/../lib/gcc] ==> [/home/ubuntu/.local/share/mamba/envs/mesh-env/lib/gcc]
  collapse library dir [/home/ubuntu/.local/share/mamba/envs/mesh-env/bin/../lib/gcc/x86_64-conda-linux-gnu/12.4.0/../../../../x86_64-conda-linux-gnu/lib/../lib] ==> [/home/ubuntu/.local/share/mamba/envs/mesh-env/x86_64-conda-linux-gnu/lib]
  collapse library dir [/home/ubuntu/.local/share/mamba/envs/mesh-env/bin/../lib/gcc/x86_64-conda-linux-gnu/12.4.0/../../../../lib] ==> [/home/ubuntu/.local/share/mamba/envs/mesh-env/lib]
  collapse library dir [/home/ubuntu/.local/share/mamba/envs/mesh-env/bin/../x86_64-conda-linux-gnu/sysroot/lib/../lib] ==> [/home/ubuntu/.local/share/mamba/envs/mesh-env/x86_64-conda-linux-gnu/sysroot/lib]
  collapse library dir [/home/ubuntu/.local/share/mamba/envs/mesh-env/bin/../x86_64-conda-linux-gnu/sysroot/usr/lib/../lib] ==> [/home/ubuntu/.local/share/mamba/envs/mesh-env/x86_64-conda-linux-gnu/sysroot/usr/lib]
  collapse library dir [/home/ubuntu/.local/share/mamba/envs/mesh-env/bin/../lib/gcc/x86_64-conda-linux-gnu/12.4.0/../../../../x86_64-conda-linux-gnu/lib] ==> [/home/ubuntu/.local/share/mamba/envs/mesh-env/x86_64-conda-linux-gnu/lib]
  collapse library dir [/home/ubuntu/.local/share/mamba/envs/mesh-env/bin/../lib/gcc/x86_64-conda-linux-gnu/12.4.0/../../..] ==> [/home/ubuntu/.local/share/mamba/envs/mesh-env/lib]
  collapse library dir [/home/ubuntu/.local/share/mamba/envs/mesh-env/bin/../x86_64-conda-linux-gnu/sysroot/lib] ==> [/home/ubuntu/.local/share/mamba/envs/mesh-env/x86_64-conda-linux-gnu/sysroot/lib]
  collapse library dir [/home/ubuntu/.local/share/mamba/envs/mesh-env/bin/../x86_64-conda-linux-gnu/sysroot/usr/lib] ==> [/home/ubuntu/.local/share/mamba/envs/mesh-env/x86_64-conda-linux-gnu/sysroot/usr/lib]
  implicit libs: [stdc++;m;gomp;gcc_s;gcc;pthread;c;gcc_s;gcc]
  implicit objs: []
  implicit dirs: [/home/ubuntu/.local/share/mamba/envs/mesh-env/lib;/home/ubuntu/.local/share/mamba/envs/mesh-env/lib/gcc/x86_64-conda-linux-gnu/12.4.0;/home/ubuntu/.local/share/mamba/envs/mesh-env/lib/gcc;/home/ubuntu/.local/share/mamba/envs/mesh-env/x86_64-conda-linux-gnu/lib;/home/ubuntu/.local/share/mamba/envs/mesh-env/x86_64-conda-linux-gnu/sysroot/lib;/home/ubuntu/.local/share/mamba/envs/mesh-env/x86_64-conda-linux-gnu/sysroot/usr/lib]
  implicit fwks: []


